<?xml version="1.0" encoding="UTF-8"?>
<testng-results ignored="0" total="1" passed="1" failed="0" skipped="0">
  <reporter-output>
  </reporter-output>
  <suite started-at="2026-04-02T09:36:37 EDT" name="Default Suite" finished-at="2026-04-02T09:36:41 EDT" duration-ms="4421">
    <groups>
    </groups>
    <test started-at="2026-04-02T09:36:37 EDT" name="SeleniumPOM" finished-at="2026-04-02T09:36:41 EDT" duration-ms="4421">
      <class name="org.sn.test.TC001_Login">
        <test-method is-config="true" signature="startApp()[pri:0, instance:org.sn.test.TC001_Login@7334aada]" started-at="2026-04-02T09:36:37 EDT" name="startApp" finished-at="2026-04-02T09:36:40 EDT" duration-ms="3208" status="PASS">
          <reporter-output>
          </reporter-output>
        </test-method> <!-- startApp -->
        <test-method signature="loginPage()[pri:0, instance:org.sn.test.TC001_Login@7334aada]" started-at="2026-04-02T09:36:40 EDT" name="loginPage" finished-at="2026-04-02T09:36:41 EDT" duration-ms="770" status="PASS">
          <reporter-output>
          </reporter-output>
        </test-method> <!-- loginPage -->
        <test-method is-config="true" signature="closeApp()[pri:0, instance:org.sn.test.TC001_Login@7334aada]" started-at="2026-04-02T09:36:41 EDT" name="closeApp" finished-at="2026-04-02T09:36:41 EDT" duration-ms="374" status="PASS">
          <reporter-output>
          </reporter-output>
        </test-method> <!-- closeApp -->
      </class> <!-- org.sn.test.TC001_Login -->
    </test> <!-- SeleniumPOM -->
  </suite> <!-- Default Suite -->
</testng-results>
